
Copyright (C) 1994-2021 Synopsys, Inc.
This Synopsys software and all associated documentation are proprietary to Synopsys, Inc.
and may only be used pursuant to the terms and conditions of a written license agreement
with Synopsys, Inc. All other use, reproduction, modification, or distribution of the
Synopsys software or the associated documentation is strictly prohibited.
Tool: Synplify Pro (R)
Build: R-2021.03L-SP1
Install: C:\lscc\diamond\3.12\synpbase
OS: Windows 6.1

Hostname: VMBOX_WINDOWS7

Implementation : impl1
Synopsys HDL compiler and linker, Version comp202103synp2, Build 093R, Built Aug 10 2021 09:15:36, @

Modified Files: 1
FID:  path (prevtimestamp, timestamp)
66       C:\Kevan\A3041\P3041A\ROM.vhd (2022-06-15 17:21:14, 2022-06-15 17:38:46)

*******************************************************************
Modules that may have changed as a result of file changes: 0
MID:  lib.cell.view

*******************************************************************
Unmodified files: 15
FID:  path (timestamp)
61       C:\Kevan\A3041\P3041A\CMD_RAM.vhd (2022-04-12 11:07:35)
62       C:\Kevan\A3041\P3041A\Entities.vhd (2020-12-10 09:04:33)
63       C:\Kevan\A3041\P3041A\Main.vhd (2022-06-15 17:11:10)
67       C:\Kevan\A3041\P3041A\OSR8V3.vhd (2022-04-12 10:28:43)
65       C:\Kevan\A3041\P3041A\RAM.vhd (2022-04-07 16:58:20)
68       C:\lscc\diamond\3.12\cae_library\synthesis\vhdl\machxo2.vhd (2018-11-14 23:32:12)
69       C:\lscc\diamond\3.12\synpbase\lib\vhd\arith.vhd (2021-08-10 09:07:02)
70       C:\lscc\diamond\3.12\synpbase\lib\vhd\hyperents.vhd (2021-08-10 09:07:02)
71       C:\lscc\diamond\3.12\synpbase\lib\vhd\location.map (2021-08-10 09:07:02)
72       C:\lscc\diamond\3.12\synpbase\lib\vhd\numeric.vhd (2021-08-10 09:07:02)
73       C:\lscc\diamond\3.12\synpbase\lib\vhd\snps_haps_pkg.vhd (2021-08-10 09:07:02)
74       C:\lscc\diamond\3.12\synpbase\lib\vhd\std.vhd (2021-08-10 09:07:02)
75       C:\lscc\diamond\3.12\synpbase\lib\vhd\std1164.vhd (2021-08-10 09:07:02)
76       C:\lscc\diamond\3.12\synpbase\lib\vhd\umr_capim.vhd (2021-08-10 09:07:02)
77       C:\lscc\diamond\3.12\synpbase\lib\vhd\unsigned.vhd (2021-08-10 09:07:02)

*******************************************************************
Unchanged modules: 0
MID:  lib.cell.view
