Starting process: Module

Starting process: 

SCUBA, Version Diamond (64-bit) 3.12.1.454
Wed Jun 26 13:10:03 2024

Copyright (c) 1991-1994 by NeoCAD Inc. All rights reserved.
Copyright (c) 1995 AT&T Corp.   All rights reserved.
Copyright (c) 1995-2001 Lucent Technologies Inc.  All rights reserved.
Copyright (c) 2001 Agere Systems   All rights reserved.
Copyright (c) 2002-2020 Lattice Semiconductor Corporation,  All rights reserved.

BEGIN SCUBA Module Synthesis

    Issued command   : C:\lscc\diamond\3.12\ispfpga\bin\nt64\scuba.exe -w -n UFM -lang vhdl -synth synplify -bus_exp 7 -bb -type efb -arch xo2c00 -freq 50 -ufm -ufm_ebr 438 -mem_size 73 -ufm_0 -wb -dev 1200 
    Circuit name     : UFM
    Module type      : efb
    Module Version   : 1.2
    Ports            : 
	Inputs       : wb_clk_i, wb_rst_i, wb_cyc_i, wb_stb_i, wb_we_i, wb_adr_i[7:0], wb_dat_i[7:0]
	Outputs      : wb_dat_o[7:0], wb_ack_o, wbc_ufm_irq
    I/O buffer       : not inserted
    EDIF output      : UFM.edn
    VHDL output      : UFM.vhd
    VHDL template    : UFM_tmpl.vhd
    VHDL purpose     : for synthesis and simulation
    Bus notation     : big endian
    Report output    : UFM.srp
    Estimated Resource Usage:

END   SCUBA Module Synthesis

File: UFM.lpc created.


End process: completed successfully.


Total Warnings:  0

Total Errors:  0


