Running in Lattice mode

                               Synplify Pro (R) 

                Version R-2021.03L-SP1 for win64 - Aug 10, 2021 

                    Copyright (c) 1988 - 2021 Synopsys, Inc.
   This software and the associated documentation are proprietary to Synopsys,
 Inc. This software may only be used in accordance with the terms and conditions
 of a written license agreement with Synopsys, Inc. All other use, reproduction,
            or distribution of this software is strictly prohibited.

Starting:    C:\lscc\diamond\3.12\synpbase\bin64\mbin\synbatch.exe
Install:     C:\lscc\diamond\3.12\synpbase
Hostname:    VMBOX_WINDOWS7
Date:        Wed Jun 15 22:29:04 2022
Version:     R-2021.03L-SP1

Arguments:   -product synplify_pro -batch P3041_impl1_synplify.tcl
ProductType: synplify_pro




@W: UI147 |File already exists in project: "C:\Kevan\A3041\P3041\CMD_RAM.vhd"
@W: UI147 |File already exists in project: "C:\Kevan\A3041\P3041\ROM.vhd"
@W: UI147 |File already exists in project: "C:\Kevan\A3041\P3041\RAM.vhd"
log file: "C:\Kevan\A3041\P3041\impl1\P3041_impl1.srr"
Running: hdl_info_gen in foreground

Generating HDL info...
Copied C:\Kevan\A3041\P3041\impl1\P3041_impl1.srr to C:\Kevan\A3041\P3041\impl1\P3041_impl1.srf

hdl_info_gen completed
# Wed Jun 15 22:29:05 2022

Return Code: 0
Run Time:00h:00m:00s
log file: "C:\Kevan\A3041\P3041\impl1\P3041_impl1.srr"
Running: impl1 in foreground

Running proj_1|impl1

Running Flow: compile (Compile) on proj_1|impl1
# Wed Jun 15 22:29:05 2022

Running Flow: compile_flow (Compile Process) on proj_1|impl1
# Wed Jun 15 22:29:05 2022

Running: compiler (Compile Input) on proj_1|impl1
# Wed Jun 15 22:29:05 2022
Copied C:\Kevan\A3041\P3041\impl1\synwork\P3041_impl1_comp.srs to C:\Kevan\A3041\P3041\impl1\P3041_impl1.srs

compiler completed
# Wed Jun 15 22:29:09 2022

Return Code: 0
Run Time:00h:00m:04s

Running: multi_srs_gen (Multi-srs Generator) on proj_1|impl1
# Wed Jun 15 22:29:09 2022

multi_srs_gen completed
# Wed Jun 15 22:29:09 2022

Return Code: 0
Run Time:00h:00m:00s
Copied C:\Kevan\A3041\P3041\impl1\synwork\P3041_impl1_mult.srs to C:\Kevan\A3041\P3041\impl1\P3041_impl1.srs
Copied C:\Kevan\A3041\P3041\impl1\P3041_impl1.srr to C:\Kevan\A3041\P3041\impl1\P3041_impl1.srf
Complete: Compile Process on proj_1|impl1

Running: premap (Premap) on proj_1|impl1
# Wed Jun 15 22:29:09 2022

premap completed with warnings
# Wed Jun 15 22:29:10 2022

Return Code: 1
Run Time:00h:00m:01s
Complete: Compile on proj_1|impl1

Running Flow: map (Map) on proj_1|impl1
# Wed Jun 15 22:29:10 2022
License granted for 4 parallel jobs

Running: fpga_mapper (Map & Optimize) on proj_1|impl1
# Wed Jun 15 22:29:10 2022
Copied C:\Kevan\A3041\P3041\impl1\synwork\P3041_impl1_m.srm to C:\Kevan\A3041\P3041\impl1\P3041_impl1.srm

fpga_mapper completed with warnings
# Wed Jun 15 22:29:17 2022

Return Code: 1
Run Time:00h:00m:07s
Complete: Map on proj_1|impl1
Copied C:\Kevan\A3041\P3041\impl1\P3041_impl1.srr to C:\Kevan\A3041\P3041\impl1\P3041_impl1.srf
Complete: Logic Synthesis on proj_1|impl1
TCL script complete: "P3041_impl1_synplify.tcl"
exit status=0
exit status=0
Save changes for project:
C:\Kevan\A3041\P3041\impl1\proj_1.prj
batch mode default:no
