###########################################################[

Copyright (C) 1994-2021 Synopsys, Inc.
This Synopsys software and all associated documentation are proprietary to Synopsys, Inc.
and may only be used pursuant to the terms and conditions of a written license agreement
with Synopsys, Inc. All other use, reproduction, modification, or distribution of the
Synopsys software or the associated documentation is strictly prohibited.
Tool: Synplify Pro (R)
Build: R-2021.03L-SP1
Install: C:\lscc\diamond\3.12\synpbase
OS: Windows 6.1

Hostname: VMBOX_WINDOWS7

Implementation : impl1
Synopsys VHDL Compiler, Version comp202103synp2, Build 093R, Built Aug 10 2021 09:15:36, @

@N|Running in 64-bit mode
@N:"C:\Kevan\A3041\P3041\Main.vhd":29:7:29:10|Top entity is set to main.
@N: CD140 :	| Using the VHDL 1993 Standard for file 'C:/lscc/diamond/3.12/cae_library/synthesis/vhdl/machxo2.vhd'.
@N: CD140 :	| Using the VHDL 1993 Standard for file 'C:/Kevan/A3041/P3041/OSR8V3.vhd'.
@N: CD140 :	| Using the VHDL 1993 Standard for file 'C:/Kevan/A3041/P3041/CMD_RAM.vhd'.
@N: CD140 :	| Using the VHDL 1993 Standard for file 'C:/Kevan/A3041/P3041/ROM.vhd'.
@N: CD140 :	| Using the VHDL 1993 Standard for file 'C:/Kevan/A3041/P3041/RAM.vhd'.
@N: CD140 :	| Using the VHDL 1993 Standard for file 'C:/Kevan/A3041/P3041/Entities.vhd'.
@N: CD140 :	| Using the VHDL 1993 Standard for file 'C:/Kevan/A3041/P3041/Main.vhd'.

At c_vhdl Exit (Real Time elapsed 0h:00m:00s; CPU Time elapsed 0h:00m:00s; Memory used current: 88MB peak: 88MB)

Process took 0h:00m:01s realtime, 0h:00m:01s cputime

Process completed successfully.
# Wed Jun 15 22:29:05 2022

###########################################################]
