Resource Usage Report
Part: lcmxo2_1200ze-1

Register bits: 394 of 1280 (31%)
Latch bits:      1
PIC Latch:       0
I/O cells:       17

Details:
BUFBA:          4
CCU2D:          78
DP8KC:          6
FD1P3AX:        151
FD1P3AY:        2
FD1P3BX:        11
FD1P3DX:        44
FD1S1D:         1
FD1S3AX:        108
FD1S3AY:        17
FD1S3BX:        4
FD1S3DX:        43
FD1S3IX:        1
FD1S3JX:        2
GSR:            1
IB:             3
IFS1P3DX:       2
INV:            11
L6MUX21:        4
OB:             14
OFS1P3DX:       4
OFS1P3IX:       5
ORCALUT4:       1020
PFUMX:          61
PUR:            1
ROM128X1A:      6
VHI:            7
VLO:            7
